<?xml version="1.0" encoding="UTF-8"?>
<!-- Generated by org.testng.reporters.JUnitXMLReporter -->
<testsuite hostname="krys" name="Credentials" tests="8" failures="0" timestamp="9 Aug 2016 09:20:11 GMT" time="3.918" errors="0">
  <testcase name="@BeforeMethod start" time="0.0" classname="home_page_features.Login">
    <failure type="java.lang.IllegalStateException" message="The driver executable does not exist: /home/krys/automated-testing/MACCTests/C:\IEdriver.exe">
      <![CDATA[java.lang.IllegalStateException: The driver executable does not exist: /home/krys/automated-testing/MACCTests/C:\IEdriver.exe
	at com.google.common.base.Preconditions.checkState(Preconditions.java:199)
	at org.openqa.selenium.remote.service.DriverService.checkExecutable(DriverService.java:121)
	at org.openqa.selenium.remote.service.DriverService.findExecutable(DriverService.java:116)
	at org.openqa.selenium.ie.InternetExplorerDriverService.access$0(InternetExplorerDriverService.java:1)
	at org.openqa.selenium.ie.InternetExplorerDriverService$Builder.findDefaultExecutable(InternetExplorerDriverService.java:167)
	at org.openqa.selenium.remote.service.DriverService$Builder.build(DriverService.java:296)
	at org.openqa.selenium.ie.InternetExplorerDriver.setupService(InternetExplorerDriver.java:251)
	at org.openqa.selenium.ie.InternetExplorerDriver.<init>(InternetExplorerDriver.java:172)
	at org.openqa.selenium.ie.InternetExplorerDriver.<init>(InternetExplorerDriver.java:146)
	at common.CommonCode.start(CommonCode.java:68)
	at utilities.Main.main(Main.java:21)
... Removed 24 stack frames]]>
    </failure>
  </testcase> <!-- @BeforeMethod start -->
  <testcase name="@AfterMethod destroy" time="0.0" classname="home_page_features.Login">
    <skipped/>
  </testcase> <!-- @AfterMethod destroy -->
  <testcase name="@BeforeMethod start" time="0.0" classname="home_page_features.Login">
    <skipped/>
  </testcase> <!-- @BeforeMethod start -->
  <testcase name="@AfterMethod destroy" time="0.0" classname="home_page_features.Login">
    <skipped/>
  </testcase> <!-- @AfterMethod destroy -->
  <testcase name="@BeforeMethod start" time="0.0" classname="home_page_features.Login">
    <skipped/>
  </testcase> <!-- @BeforeMethod start -->
  <testcase name="@AfterMethod destroy" time="0.0" classname="home_page_features.Login">
    <skipped/>
  </testcase> <!-- @AfterMethod destroy -->
  <testcase name="@BeforeMethod start" time="0.0" classname="home_page_features.Login">
    <skipped/>
  </testcase> <!-- @BeforeMethod start -->
  <testcase name="@AfterMethod destroy" time="0.0" classname="home_page_features.Login">
    <skipped/>
  </testcase> <!-- @AfterMethod destroy -->
  <testcase name="@BeforeMethod start" time="0.0" classname="home_page_features.Login">
    <skipped/>
  </testcase> <!-- @BeforeMethod start -->
  <testcase name="@AfterMethod destroy" time="0.0" classname="home_page_features.Login">
    <skipped/>
  </testcase> <!-- @AfterMethod destroy -->
  <testcase name="@BeforeMethod start" time="0.0" classname="home_page_features.Signup">
    <skipped/>
  </testcase> <!-- @BeforeMethod start -->
  <testcase name="@AfterMethod afterMethod" time="0.0" classname="home_page_features.Signup">
    <skipped/>
  </testcase> <!-- @AfterMethod afterMethod -->
  <testcase name="@AfterMethod destroy" time="0.0" classname="home_page_features.Signup">
    <skipped/>
  </testcase> <!-- @AfterMethod destroy -->
  <testcase name="@BeforeMethod start" time="0.0" classname="home_page_features.Signup">
    <skipped/>
  </testcase> <!-- @BeforeMethod start -->
  <testcase name="@AfterMethod afterMethod" time="0.0" classname="home_page_features.Signup">
    <skipped/>
  </testcase> <!-- @AfterMethod afterMethod -->
  <testcase name="@AfterMethod destroy" time="0.0" classname="home_page_features.Signup">
    <skipped/>
  </testcase> <!-- @AfterMethod destroy -->
  <testcase name="@BeforeMethod start" time="0.0" classname="home_page_features.Signup">
    <skipped/>
  </testcase> <!-- @BeforeMethod start -->
  <testcase name="@AfterMethod afterMethod" time="0.0" classname="home_page_features.Signup">
    <skipped/>
  </testcase> <!-- @AfterMethod afterMethod -->
  <testcase name="@AfterMethod destroy" time="0.0" classname="home_page_features.Signup">
    <skipped/>
  </testcase> <!-- @AfterMethod destroy -->
  <testcase name="login" time="0.0" classname="home_page_features.Login">
    <skipped/>
  </testcase> <!-- login -->
  <testcase name="login" time="0.0" classname="home_page_features.Login">
    <skipped/>
  </testcase> <!-- login -->
  <testcase name="login" time="0.0" classname="home_page_features.Login">
    <skipped/>
  </testcase> <!-- login -->
  <testcase name="login" time="0.001" classname="home_page_features.Login">
    <skipped/>
  </testcase> <!-- login -->
  <testcase name="login" time="0.0" classname="home_page_features.Login">
    <skipped/>
  </testcase> <!-- login -->
  <testcase name="signup" time="0.0" classname="home_page_features.Signup">
    <skipped/>
  </testcase> <!-- signup -->
  <testcase name="signup" time="0.0" classname="home_page_features.Signup">
    <skipped/>
  </testcase> <!-- signup -->
  <testcase name="signup" time="0.0" classname="home_page_features.Signup">
    <skipped/>
  </testcase> <!-- signup -->
</testsuite> <!-- Credentials -->
